Using pre-set license
Built from '2021.3/staging' branch; Version is '2021.3.23f1 (213b516bf396) revision 2177873'; Using compiler version '192829333'; Build Type 'Release'
OS: 'Windows 11  (10.0.22621) 64bit Education' Language: 'ko' Physical Memory: 16052 MB
BatchMode: 1, IsHumanControllingUs: 0, StartBugReporterOnCrash: 0, Is64bit: 1, IsPro: 1

COMMAND LINE ARGUMENTS:
C:\Program Files\Unity\Hub\Editor\2021.3.23f1\Editor\Unity.exe
-adb2
-batchMode
-noUpm
-name
AssetImportWorker2
-projectPath
C:/김영득 교수님 기말과제/Final-Examination/2023137004
-logFile
Logs/AssetImportWorker2.log
-srvPort
50373
Successfully changed project path to: C:/김영득 교수님 기말과제/Final-Examination/2023137004
C:/김영득 교수님 기말과제/Final-Examination/2023137004
[UnityMemory] Configuration Parameters - Can be set up in boot.config
    "memorysetup-bucket-allocator-granularity=16"
    "memorysetup-bucket-allocator-bucket-count=8"
    "memorysetup-bucket-allocator-block-size=33554432"
    "memorysetup-bucket-allocator-block-count=8"
    "memorysetup-main-allocator-block-size=16777216"
    "memorysetup-thread-allocator-block-size=16777216"
    "memorysetup-gfx-main-allocator-block-size=16777216"
    "memorysetup-gfx-thread-allocator-block-size=16777216"
    "memorysetup-cache-allocator-block-size=4194304"
    "memorysetup-typetree-allocator-block-size=2097152"
    "memorysetup-profiler-bucket-allocator-granularity=16"
    "memorysetup-profiler-bucket-allocator-bucket-count=8"
    "memorysetup-profiler-bucket-allocator-block-size=33554432"
    "memorysetup-profiler-bucket-allocator-block-count=8"
    "memorysetup-profiler-allocator-block-size=16777216"
    "memorysetup-profiler-editor-allocator-block-size=1048576"
    "memorysetup-temp-allocator-size-main=16777216"
    "memorysetup-job-temp-allocator-block-size=2097152"
    "memorysetup-job-temp-allocator-block-size-background=1048576"
    "memorysetup-job-temp-allocator-reduction-small-platforms=262144"
    "memorysetup-temp-allocator-size-background-worker=32768"
    "memorysetup-temp-allocator-size-job-worker=262144"
    "memorysetup-temp-allocator-size-preload-manager=33554432"
    "memorysetup-temp-allocator-size-nav-mesh-worker=65536"
    "memorysetup-temp-allocator-size-audio-worker=65536"
    "memorysetup-temp-allocator-size-cloud-worker=32768"
    "memorysetup-temp-allocator-size-gi-baking-worker=262144"
    "memorysetup-temp-allocator-size-gfx=262144"
Player connection [13060] Host "[IP] 192.168.219.103 [Port] 0 [Flags] 2 [Guid] 2501720350 [EditorId] 2501720350 [Version] 1048832 [Id] WindowsEditor(7,DESKTOP-PTCAMG7) [Debug] 1 [PackageName] WindowsEditor [ProjectName] Editor" joined multi-casting on [225.0.0.222:54997]...

Player connection [13060] Host "[IP] 192.168.219.103 [Port] 0 [Flags] 2 [Guid] 2501720350 [EditorId] 2501720350 [Version] 1048832 [Id] WindowsEditor(7,DESKTOP-PTCAMG7) [Debug] 1 [PackageName] WindowsEditor [ProjectName] Editor" joined alternative multi-casting on [225.0.0.222:34997]...

Refreshing native plugins compatible for Editor in 68.96 ms, found 4 plugins.
Preloading 0 native plugins for Editor in 0.00 ms.
Initialize engine version: 2021.3.23f1 (213b516bf396)
[Subsystems] Discovering subsystems at path C:/Program Files/Unity/Hub/Editor/2021.3.23f1/Editor/Data/Resources/UnitySubsystems
[Subsystems] Discovering subsystems at path C:/김영득 교수님 기말과제/Final-Examination/2023137004/Assets
GfxDevice: creating device client; threaded=0; jobified=0
Direct3D:
    Version:  Direct3D 11.0 [level 11.1]
    Renderer: NVIDIA GeForce RTX 3050 Ti Laptop GPU (ID=0x25a0)
    Vendor:   NVIDIA
    VRAM:     3990 MB
    Driver:   30.0.15.1278
Initialize mono
Mono path[0] = 'C:/Program Files/Unity/Hub/Editor/2021.3.23f1/Editor/Data/Managed'
Mono path[1] = 'C:/Program Files/Unity/Hub/Editor/2021.3.23f1/Editor/Data/MonoBleedingEdge/lib/mono/unityjit-win32'
Mono config path = 'C:/Program Files/Unity/Hub/Editor/2021.3.23f1/Editor/Data/MonoBleedingEdge/etc'
Using monoOptions --debugger-agent=transport=dt_socket,embedding=1,server=y,suspend=n,address=127.0.0.1:56424
Begin MonoManager ReloadAssembly
Registering precompiled unity dll's ...
Register platform support module: C:/Program Files/Unity/Hub/Editor/2021.3.23f1/Editor/Data/PlaybackEngines/WindowsStandaloneSupport/UnityEditor.WindowsStandalone.Extensions.dll
Registered in 0.003173 seconds.
Native extension for WindowsStandalone target not found
Refreshing native plugins compatible for Editor in 74.02 ms, found 4 plugins.
Preloading 0 native plugins for Editor in 0.00 ms.
Mono: successfully reloaded assembly
- Completed reload, in  0.604 seconds
Domain Reload Profiling:
	ReloadAssembly (605ms)
		BeginReloadAssembly (84ms)
			ExecutionOrderSort (0ms)
			DisableScriptedObjects (0ms)
			BackupInstance (0ms)
			ReleaseScriptingObjects (0ms)
			CreateAndSetChildDomain (1ms)
		EndReloadAssembly (431ms)
			LoadAssemblies (82ms)
			RebuildTransferFunctionScriptingTraits (0ms)
			SetupTypeCache (106ms)
			ReleaseScriptCaches (0ms)
			RebuildScriptCaches (24ms)
			SetupLoadedEditorAssemblies (242ms)
				LogAssemblyErrors (0ms)
				InitializePlatformSupportModulesInManaged (6ms)
				SetLoadedEditorAssemblies (0ms)
				RefreshPlugins (74ms)
				BeforeProcessingInitializeOnLoad (1ms)
				ProcessInitializeOnLoadAttributes (113ms)
				ProcessInitializeOnLoadMethodAttributes (48ms)
				AfterProcessingInitializeOnLoad (0ms)
				EditorAssembliesLoaded (0ms)
			ExecutionOrderSort2 (0ms)
			AwakeInstancesAfterBackupRestoration (0ms)
Platform modules already initialized, skipping
Registering precompiled user dll's ...
Registered in 0.005140 seconds.
Begin MonoManager ReloadAssembly
Symbol file LoadedFromMemory doesn't match image C:\김영득 교수님 기말과제\Final-Examination\2023137004\Library\PackageCache\com.unity.visualscripting@1.8.0\Editor\VisualScripting.Core\Dependencies\YamlDotNet\Unity.VisualScripting.YamlDotNet.dll
Symbol file LoadedFromMemory doesn't match image C:\김영득 교수님 기말과제\Final-Examination\2023137004\Library\PackageCache\com.unity.visualscripting@1.8.0\Editor\VisualScripting.Core\Dependencies\DotNetZip\Unity.VisualScripting.IonicZip.dll
Native extension for WindowsStandalone target not found
Refreshing native plugins compatible for Editor in 93.42 ms, found 4 plugins.
Preloading 0 native plugins for Editor in 0.00 ms.
Mono: successfully reloaded assembly
- Completed reload, in  1.436 seconds
Domain Reload Profiling:
	ReloadAssembly (1437ms)
		BeginReloadAssembly (136ms)
			ExecutionOrderSort (0ms)
			DisableScriptedObjects (5ms)
			BackupInstance (0ms)
			ReleaseScriptingObjects (0ms)
			CreateAndSetChildDomain (28ms)
		EndReloadAssembly (1129ms)
			LoadAssemblies (114ms)
			RebuildTransferFunctionScriptingTraits (0ms)
			SetupTypeCache (302ms)
			ReleaseScriptCaches (1ms)
			RebuildScriptCaches (64ms)
			SetupLoadedEditorAssemblies (548ms)
				LogAssemblyErrors (0ms)
				InitializePlatformSupportModulesInManaged (4ms)
				SetLoadedEditorAssemblies (0ms)
				RefreshPlugins (94ms)
				BeforeProcessingInitializeOnLoad (114ms)
				ProcessInitializeOnLoadAttributes (287ms)
				ProcessInitializeOnLoadMethodAttributes (41ms)
				AfterProcessingInitializeOnLoad (7ms)
				EditorAssembliesLoaded (0ms)
			ExecutionOrderSort2 (0ms)
			AwakeInstancesAfterBackupRestoration (6ms)
Platform modules already initialized, skipping
========================================================================
Worker process is ready to serve import requests
Launched and connected shader compiler UnityShaderCompiler.exe after 0.10 seconds
Refreshing native plugins compatible for Editor in 0.71 ms, found 4 plugins.
Preloading 0 native plugins for Editor in 0.00 ms.
Unloading 3748 Unused Serialized files (Serialized files now loaded: 0)
Unloading 52 unused Assets / (0.8 MB). Loaded Objects now: 4191.
Memory consumption went from 145.2 MB to 144.4 MB.
Total: 8.047100 ms (FindLiveObjects: 0.318700 ms CreateObjectMapping: 0.233800 ms MarkObjects: 6.847900 ms  DeleteObjects: 0.644100 ms)

AssetImportParameters requested are different than current active one (requested -> active):
  custom:video-decoder-ogg-theora: a1e56fd34408186e4bbccfd4996cb3dc -> 
  custom:container-muxer-webm: aa71ff27fc2769a1b78a27578f13a17b -> 
  custom:container-demuxer-webm: 4f35f7cbe854078d1ac9338744f61a02 -> 
  custom:video-encoder-webm-vp8: eb34c28f22e8b96e1ab97ce403110664 -> 
  custom:video-codec-MediaFoundation-h265: 746d11721c4dcdbdad8f713fa42b33f4 -> 
  custom:audio-encoder-webm-vorbis: bf7c407c2cedff20999df2af8eb42d56 -> 
  custom:framework-win-MediaFoundation: 216162199b28c13a410421893ffa2e32 -> 
  custom:container-demuxer-ogg: 62fdf1f143b41e24485cea50d1cbac27 -> 
  custom:video-decoder-webm-vp8: 9c59270c3fd7afecdb556c50c9e8de78 -> 
  custom:audio-decoder-ogg-vorbis: bf7c407c2cedff20999df2af8eb42d56 -> 
========================================================================
Received Import Request.
  Time since last request: 10421.430257 seconds.
  path: Assets/02.Scripts/ButtonImageChange.cs
  artifactKey: Guid(2330b9204d5ae7744aded1946524af81) Importer(815301076,1909f56bfc062723c751e8b465ee728b)
Start importing Assets/02.Scripts/ButtonImageChange.cs using Guid(2330b9204d5ae7744aded1946524af81) Importer(815301076,1909f56bfc062723c751e8b465ee728b)  -> (artifact id: '0b58f243830c5abb0943fcfa2fc5d957') in 0.051356 seconds 
========================================================================
Received Import Request.
  Time since last request: 40.547988 seconds.
  path: Assets/02.Scripts/ButtonImageChange.cs
  artifactKey: Guid(2330b9204d5ae7744aded1946524af81) Importer(815301076,1909f56bfc062723c751e8b465ee728b)
Start importing Assets/02.Scripts/ButtonImageChange.cs using Guid(2330b9204d5ae7744aded1946524af81) Importer(815301076,1909f56bfc062723c751e8b465ee728b)  -> (artifact id: '2a90d73f27c0e3a425472f7444a029bf') in 0.004705 seconds 
========================================================================
Received Import Request.
  Time since last request: 24.724831 seconds.
  path: Assets/02.Scripts/ButtonImageChange.cs
  artifactKey: Guid(2330b9204d5ae7744aded1946524af81) Importer(815301076,1909f56bfc062723c751e8b465ee728b)
Start importing Assets/02.Scripts/ButtonImageChange.cs using Guid(2330b9204d5ae7744aded1946524af81) Importer(815301076,1909f56bfc062723c751e8b465ee728b)  -> (artifact id: '00000000000000000000000000000000') in 0.000914 seconds  code(4) message(Build asset version error: assets/02.scripts/buttonimagechange.cs in SourceAssetDB has modification time of '2023-06-20T15:21:45.61754Z' while content on disk has modification time of '2023-06-20T15:21:45.7891904Z')
  ERROR: Build asset version error: assets/02.scripts/buttonimagechange.cs in SourceAssetDB has modification time of '2023-06-20T15:21:45.61754Z' while content on disk has modification time of '2023-06-20T15:21:45.7891904Z'
========================================================================
Received Import Request.
  Time since last request: 49.073423 seconds.
  path: Assets/02.Scripts/ButtonImageChange.cs
  artifactKey: Guid(2330b9204d5ae7744aded1946524af81) Importer(815301076,1909f56bfc062723c751e8b465ee728b)
Start importing Assets/02.Scripts/ButtonImageChange.cs using Guid(2330b9204d5ae7744aded1946524af81) Importer(815301076,1909f56bfc062723c751e8b465ee728b)  -> (artifact id: '00000000000000000000000000000000') in 0.001358 seconds  code(4) message(Build asset version error: assets/02.scripts/buttonimagechange.cs in SourceAssetDB has modification time of '2023-06-20T15:22:34.649035Z' while content on disk has modification time of '2023-06-20T15:22:34.9859549Z')
  ERROR: Build asset version error: assets/02.scripts/buttonimagechange.cs in SourceAssetDB has modification time of '2023-06-20T15:22:34.649035Z' while content on disk has modification time of '2023-06-20T15:22:34.9859549Z'
========================================================================
Received Import Request.
  Time since last request: 41.677112 seconds.
  path: Assets/02.Scripts/ButtonImageChange.cs
  artifactKey: Guid(2330b9204d5ae7744aded1946524af81) Importer(815301076,1909f56bfc062723c751e8b465ee728b)
Start importing Assets/02.Scripts/ButtonImageChange.cs using Guid(2330b9204d5ae7744aded1946524af81) Importer(815301076,1909f56bfc062723c751e8b465ee728b)  -> (artifact id: 'f50788a640683d1da19c3c270eafb618') in 0.003164 seconds 
========================================================================
Received Import Request.
  Time since last request: 20.704252 seconds.
  path: Assets/02.Scripts/ButtonImageChange.cs
  artifactKey: Guid(2330b9204d5ae7744aded1946524af81) Importer(815301076,1909f56bfc062723c751e8b465ee728b)
Start importing Assets/02.Scripts/ButtonImageChange.cs using Guid(2330b9204d5ae7744aded1946524af81) Importer(815301076,1909f56bfc062723c751e8b465ee728b)  -> (artifact id: '281a21f15239246a2890c555e5e5f3c4') in 0.008473 seconds 
========================================================================
Received Import Request.
  Time since last request: 54.669084 seconds.
  path: Assets/02.Scripts/ButtonImageChange.cs
  artifactKey: Guid(2330b9204d5ae7744aded1946524af81) Importer(815301076,1909f56bfc062723c751e8b465ee728b)
Start importing Assets/02.Scripts/ButtonImageChange.cs using Guid(2330b9204d5ae7744aded1946524af81) Importer(815301076,1909f56bfc062723c751e8b465ee728b)  -> (artifact id: '00000000000000000000000000000000') in 0.000591 seconds  code(4) message(Build asset version error: assets/02.scripts/buttonimagechange.cs in SourceAssetDB has modification time of '2023-06-20T15:24:31.6895951Z' while content on disk has modification time of '2023-06-20T15:24:32.0367077Z')
  ERROR: Build asset version error: assets/02.scripts/buttonimagechange.cs in SourceAssetDB has modification time of '2023-06-20T15:24:31.6895951Z' while content on disk has modification time of '2023-06-20T15:24:32.0367077Z'
========================================================================
Received Import Request.
  Time since last request: 19.797534 seconds.
  path: Assets/02.Scripts/ButtonImageChange.cs
  artifactKey: Guid(2330b9204d5ae7744aded1946524af81) Importer(815301076,1909f56bfc062723c751e8b465ee728b)
Start importing Assets/02.Scripts/ButtonImageChange.cs using Guid(2330b9204d5ae7744aded1946524af81) Importer(815301076,1909f56bfc062723c751e8b465ee728b)  -> (artifact id: '6342619e1a8e7ecd21f641a820946b11') in 0.003735 seconds 
========================================================================
Received Import Request.
  Time since last request: 120.361598 seconds.
  path: Assets/02.Scripts/ButtonImageChange.cs
  artifactKey: Guid(2330b9204d5ae7744aded1946524af81) Importer(815301076,1909f56bfc062723c751e8b465ee728b)
Start importing Assets/02.Scripts/ButtonImageChange.cs using Guid(2330b9204d5ae7744aded1946524af81) Importer(815301076,1909f56bfc062723c751e8b465ee728b)  -> (artifact id: '00000000000000000000000000000000') in 0.000711 seconds  code(4) message(Build asset version error: assets/02.scripts/buttonimagechange.cs in SourceAssetDB has modification time of '2023-06-20T15:26:51.8723104Z' while content on disk has modification time of '2023-06-20T15:26:52.0871732Z')
  ERROR: Build asset version error: assets/02.scripts/buttonimagechange.cs in SourceAssetDB has modification time of '2023-06-20T15:26:51.8723104Z' while content on disk has modification time of '2023-06-20T15:26:52.0871732Z'
========================================================================
Received Import Request.
  Time since last request: 12.408233 seconds.
  path: Assets/02.Scripts/ButtonImageChange.cs
  artifactKey: Guid(2330b9204d5ae7744aded1946524af81) Importer(815301076,1909f56bfc062723c751e8b465ee728b)
Start importing Assets/02.Scripts/ButtonImageChange.cs using Guid(2330b9204d5ae7744aded1946524af81) Importer(815301076,1909f56bfc062723c751e8b465ee728b)  -> (artifact id: '9026853dcac5067d962ea99ad8cea40c') in 0.006569 seconds 
========================================================================
Received Import Request.
  Time since last request: 20.930258 seconds.
  path: Assets/02.Scripts/ButtonImageChange.cs
  artifactKey: Guid(2330b9204d5ae7744aded1946524af81) Importer(815301076,1909f56bfc062723c751e8b465ee728b)
Start importing Assets/02.Scripts/ButtonImageChange.cs using Guid(2330b9204d5ae7744aded1946524af81) Importer(815301076,1909f56bfc062723c751e8b465ee728b)  -> (artifact id: '55618d4c308e7908c2468c2155968963') in 0.002522 seconds 
========================================================================
Received Import Request.
  Time since last request: 101.974377 seconds.
  path: Assets/02.Scripts/ButtonImageChange.cs
  artifactKey: Guid(2330b9204d5ae7744aded1946524af81) Importer(815301076,1909f56bfc062723c751e8b465ee728b)
Start importing Assets/02.Scripts/ButtonImageChange.cs using Guid(2330b9204d5ae7744aded1946524af81) Importer(815301076,1909f56bfc062723c751e8b465ee728b)  -> (artifact id: 'bd9ea5776107a4453e0d110f8f56e4fa') in 0.007090 seconds 
========================================================================
Received Import Request.
  Time since last request: 8.994430 seconds.
  path: Assets/02.Scripts/ButtonImageChange.cs
  artifactKey: Guid(2330b9204d5ae7744aded1946524af81) Importer(815301076,1909f56bfc062723c751e8b465ee728b)
Start importing Assets/02.Scripts/ButtonImageChange.cs using Guid(2330b9204d5ae7744aded1946524af81) Importer(815301076,1909f56bfc062723c751e8b465ee728b)  -> (artifact id: '69751a9eae869143ed8bb39d3ccf3ac0') in 0.012048 seconds 
========================================================================
Received Import Request.
  Time since last request: 66.636491 seconds.
  path: Assets/02.Scripts/ButtonImageChange.cs
  artifactKey: Guid(2330b9204d5ae7744aded1946524af81) Importer(815301076,1909f56bfc062723c751e8b465ee728b)
Start importing Assets/02.Scripts/ButtonImageChange.cs using Guid(2330b9204d5ae7744aded1946524af81) Importer(815301076,1909f56bfc062723c751e8b465ee728b)  -> (artifact id: 'a3ea7d43cc694cafaabdc3ef9bd4a235') in 0.002367 seconds 
========================================================================
Received Import Request.
  Time since last request: 150.304398 seconds.
  path: Assets/02.Scripts/ButtonImageChange.cs
  artifactKey: Guid(2330b9204d5ae7744aded1946524af81) Importer(815301076,1909f56bfc062723c751e8b465ee728b)
Start importing Assets/02.Scripts/ButtonImageChange.cs using Guid(2330b9204d5ae7744aded1946524af81) Importer(815301076,1909f56bfc062723c751e8b465ee728b)  -> (artifact id: '00000000000000000000000000000000') in 0.000739 seconds  code(4) message(Build asset version error: assets/02.scripts/buttonimagechange.cs in SourceAssetDB has modification time of '2023-06-20T15:32:53.4269828Z' while content on disk has modification time of '2023-06-20T15:32:53.6007097Z')
  ERROR: Build asset version error: assets/02.scripts/buttonimagechange.cs in SourceAssetDB has modification time of '2023-06-20T15:32:53.4269828Z' while content on disk has modification time of '2023-06-20T15:32:53.6007097Z'
========================================================================
Received Import Request.
  Time since last request: 27.794459 seconds.
  path: Assets/02.Scripts/ButtonImageChange.cs
  artifactKey: Guid(2330b9204d5ae7744aded1946524af81) Importer(815301076,1909f56bfc062723c751e8b465ee728b)
Start importing Assets/02.Scripts/ButtonImageChange.cs using Guid(2330b9204d5ae7744aded1946524af81) Importer(815301076,1909f56bfc062723c751e8b465ee728b)  -> (artifact id: '5f966b07eb807df989a1278cefe8c854') in 0.002614 seconds 
========================================================================
Received Import Request.
  Time since last request: 93.491873 seconds.
  path: Assets/02.Scripts/ButtonImageChange.cs
  artifactKey: Guid(2330b9204d5ae7744aded1946524af81) Importer(815301076,1909f56bfc062723c751e8b465ee728b)
Start importing Assets/02.Scripts/ButtonImageChange.cs using Guid(2330b9204d5ae7744aded1946524af81) Importer(815301076,1909f56bfc062723c751e8b465ee728b)  -> (artifact id: '8daa59afbc51152dc96f0e26d58f3839') in 0.002719 seconds 
========================================================================
Received Prepare
Registering precompiled user dll's ...
Registered in 0.007697 seconds.
Begin MonoManager ReloadAssembly
Symbol file LoadedFromMemory doesn't match image C:\김영득 교수님 기말과제\Final-Examination\2023137004\Library\PackageCache\com.unity.visualscripting@1.8.0\Editor\VisualScripting.Core\Dependencies\YamlDotNet\Unity.VisualScripting.YamlDotNet.dll
Symbol file LoadedFromMemory doesn't match image C:\김영득 교수님 기말과제\Final-Examination\2023137004\Library\PackageCache\com.unity.visualscripting@1.8.0\Editor\VisualScripting.Core\Dependencies\DotNetZip\Unity.VisualScripting.IonicZip.dll
Native extension for WindowsStandalone target not found
Refreshing native plugins compatible for Editor in 0.60 ms, found 4 plugins.
Preloading 0 native plugins for Editor in 0.00 ms.
Mono: successfully reloaded assembly
- Completed reload, in  0.955 seconds
Domain Reload Profiling:
	ReloadAssembly (956ms)
		BeginReloadAssembly (144ms)
			ExecutionOrderSort (0ms)
			DisableScriptedObjects (9ms)
			BackupInstance (0ms)
			ReleaseScriptingObjects (0ms)
			CreateAndSetChildDomain (38ms)
		EndReloadAssembly (701ms)
			LoadAssemblies (90ms)
			RebuildTransferFunctionScriptingTraits (0ms)
			SetupTypeCache (241ms)
			ReleaseScriptCaches (1ms)
			RebuildScriptCaches (39ms)
			SetupLoadedEditorAssemblies (283ms)
				LogAssemblyErrors (0ms)
				InitializePlatformSupportModulesInManaged (5ms)
				SetLoadedEditorAssemblies (1ms)
				RefreshPlugins (1ms)
				BeforeProcessingInitializeOnLoad (60ms)
				ProcessInitializeOnLoadAttributes (179ms)
				ProcessInitializeOnLoadMethodAttributes (31ms)
				AfterProcessingInitializeOnLoad (7ms)
				EditorAssembliesLoaded (0ms)
			ExecutionOrderSort2 (0ms)
			AwakeInstancesAfterBackupRestoration (6ms)
Platform modules already initialized, skipping
Refreshing native plugins compatible for Editor in 2.80 ms, found 4 plugins.
Preloading 0 native plugins for Editor in 0.00 ms.
Unloading 3741 Unused Serialized files (Serialized files now loaded: 0)
Unloading 39 unused Assets / (0.8 MB). Loaded Objects now: 4194.
Memory consumption went from 144.5 MB to 143.8 MB.
Total: 4.272800 ms (FindLiveObjects: 0.272200 ms CreateObjectMapping: 0.118300 ms MarkObjects: 3.235100 ms  DeleteObjects: 0.639600 ms)

AssetImportParameters requested are different than current active one (requested -> active):
  custom:video-decoder-ogg-theora: a1e56fd34408186e4bbccfd4996cb3dc -> 
  custom:container-muxer-webm: aa71ff27fc2769a1b78a27578f13a17b -> 
  custom:container-demuxer-webm: 4f35f7cbe854078d1ac9338744f61a02 -> 
  custom:video-encoder-webm-vp8: eb34c28f22e8b96e1ab97ce403110664 -> 
  custom:video-codec-MediaFoundation-h265: 746d11721c4dcdbdad8f713fa42b33f4 -> 
  custom:audio-encoder-webm-vorbis: bf7c407c2cedff20999df2af8eb42d56 -> 
  custom:framework-win-MediaFoundation: 216162199b28c13a410421893ffa2e32 -> 
  custom:container-demuxer-ogg: 62fdf1f143b41e24485cea50d1cbac27 -> 
  custom:video-decoder-webm-vp8: 9c59270c3fd7afecdb556c50c9e8de78 -> 
  custom:audio-decoder-ogg-vorbis: bf7c407c2cedff20999df2af8eb42d56 -> 
========================================================================
Received Prepare
Registering precompiled user dll's ...
Registered in 0.005979 seconds.
Begin MonoManager ReloadAssembly
Symbol file LoadedFromMemory doesn't match image C:\김영득 교수님 기말과제\Final-Examination\2023137004\Library\PackageCache\com.unity.visualscripting@1.8.0\Editor\VisualScripting.Core\Dependencies\YamlDotNet\Unity.VisualScripting.YamlDotNet.dll
Symbol file LoadedFromMemory doesn't match image C:\김영득 교수님 기말과제\Final-Examination\2023137004\Library\PackageCache\com.unity.visualscripting@1.8.0\Editor\VisualScripting.Core\Dependencies\DotNetZip\Unity.VisualScripting.IonicZip.dll
Native extension for WindowsStandalone target not found
Refreshing native plugins compatible for Editor in 0.64 ms, found 4 plugins.
Preloading 0 native plugins for Editor in 0.00 ms.
Mono: successfully reloaded assembly
- Completed reload, in  1.019 seconds
Domain Reload Profiling:
	ReloadAssembly (1019ms)
		BeginReloadAssembly (141ms)
			ExecutionOrderSort (0ms)
			DisableScriptedObjects (7ms)
			BackupInstance (0ms)
			ReleaseScriptingObjects (0ms)
			CreateAndSetChildDomain (34ms)
		EndReloadAssembly (777ms)
			LoadAssemblies (96ms)
			RebuildTransferFunctionScriptingTraits (0ms)
			SetupTypeCache (224ms)
			ReleaseScriptCaches (1ms)
			RebuildScriptCaches (40ms)
			SetupLoadedEditorAssemblies (368ms)
				LogAssemblyErrors (0ms)
				InitializePlatformSupportModulesInManaged (5ms)
				SetLoadedEditorAssemblies (1ms)
				RefreshPlugins (1ms)
				BeforeProcessingInitializeOnLoad (64ms)
				ProcessInitializeOnLoadAttributes (239ms)
				ProcessInitializeOnLoadMethodAttributes (48ms)
				AfterProcessingInitializeOnLoad (10ms)
				EditorAssembliesLoaded (0ms)
			ExecutionOrderSort2 (0ms)
			AwakeInstancesAfterBackupRestoration (9ms)
Platform modules already initialized, skipping
Refreshing native plugins compatible for Editor in 3.05 ms, found 4 plugins.
Preloading 0 native plugins for Editor in 0.00 ms.
Unloading 3741 Unused Serialized files (Serialized files now loaded: 0)
Unloading 39 unused Assets / (0.8 MB). Loaded Objects now: 4197.
Memory consumption went from 144.5 MB to 143.8 MB.
Total: 5.473000 ms (FindLiveObjects: 0.293900 ms CreateObjectMapping: 0.188500 ms MarkObjects: 4.513500 ms  DeleteObjects: 0.474700 ms)

AssetImportParameters requested are different than current active one (requested -> active):
  custom:video-decoder-ogg-theora: a1e56fd34408186e4bbccfd4996cb3dc -> 
  custom:container-muxer-webm: aa71ff27fc2769a1b78a27578f13a17b -> 
  custom:container-demuxer-webm: 4f35f7cbe854078d1ac9338744f61a02 -> 
  custom:video-encoder-webm-vp8: eb34c28f22e8b96e1ab97ce403110664 -> 
  custom:video-codec-MediaFoundation-h265: 746d11721c4dcdbdad8f713fa42b33f4 -> 
  custom:audio-encoder-webm-vorbis: bf7c407c2cedff20999df2af8eb42d56 -> 
  custom:framework-win-MediaFoundation: 216162199b28c13a410421893ffa2e32 -> 
  custom:container-demuxer-ogg: 62fdf1f143b41e24485cea50d1cbac27 -> 
  custom:video-decoder-webm-vp8: 9c59270c3fd7afecdb556c50c9e8de78 -> 
  custom:audio-decoder-ogg-vorbis: bf7c407c2cedff20999df2af8eb42d56 -> 
========================================================================
Received Import Request.
  Time since last request: 32.039608 seconds.
  path: Assets/02.Scripts/ButtonImageChange.cs
  artifactKey: Guid(2330b9204d5ae7744aded1946524af81) Importer(815301076,1909f56bfc062723c751e8b465ee728b)
Start importing Assets/02.Scripts/ButtonImageChange.cs using Guid(2330b9204d5ae7744aded1946524af81) Importer(815301076,1909f56bfc062723c751e8b465ee728b)  -> (artifact id: '00000000000000000000000000000000') in 0.002427 seconds  code(4) message(Build asset version error: assets/02.scripts/buttonimagechange.cs in SourceAssetDB has modification time of '2023-06-20T15:35:26.8341257Z' while content on disk has modification time of '2023-06-20T15:35:27.0006589Z')
  ERROR: Build asset version error: assets/02.scripts/buttonimagechange.cs in SourceAssetDB has modification time of '2023-06-20T15:35:26.8341257Z' while content on disk has modification time of '2023-06-20T15:35:27.0006589Z'
========================================================================
Received Import Request.
  Time since last request: 70.898163 seconds.
  path: Assets/02.Scripts/ButtonImageChange.cs
  artifactKey: Guid(2330b9204d5ae7744aded1946524af81) Importer(815301076,1909f56bfc062723c751e8b465ee728b)
Start importing Assets/02.Scripts/ButtonImageChange.cs using Guid(2330b9204d5ae7744aded1946524af81) Importer(815301076,1909f56bfc062723c751e8b465ee728b)  -> (artifact id: '09c88feb4683ba00b8037809e26ec8a3') in 0.014913 seconds 
========================================================================
Received Import Request.
  Time since last request: 40.251407 seconds.
  path: Assets/02.Scripts/ButtonImageChange.cs
  artifactKey: Guid(2330b9204d5ae7744aded1946524af81) Importer(815301076,1909f56bfc062723c751e8b465ee728b)
Start importing Assets/02.Scripts/ButtonImageChange.cs using Guid(2330b9204d5ae7744aded1946524af81) Importer(815301076,1909f56bfc062723c751e8b465ee728b)  -> (artifact id: '25a477591a0f0e5be0cb7989a39f3b84') in 0.002782 seconds 
========================================================================
Received Import Request.
  Time since last request: 6.609165 seconds.
  path: Assets/02.Scripts/ButtonImageChange.cs
  artifactKey: Guid(2330b9204d5ae7744aded1946524af81) Importer(815301076,1909f56bfc062723c751e8b465ee728b)
Start importing Assets/02.Scripts/ButtonImageChange.cs using Guid(2330b9204d5ae7744aded1946524af81) Importer(815301076,1909f56bfc062723c751e8b465ee728b)  -> (artifact id: '8c2cb76eb18f51886e4ce36affcad2b6') in 0.006459 seconds 
========================================================================
Received Import Request.
  Time since last request: 32.559904 seconds.
  path: Assets/02.Scripts/ButtonImageChange.cs
  artifactKey: Guid(2330b9204d5ae7744aded1946524af81) Importer(815301076,1909f56bfc062723c751e8b465ee728b)
Start importing Assets/02.Scripts/ButtonImageChange.cs using Guid(2330b9204d5ae7744aded1946524af81) Importer(815301076,1909f56bfc062723c751e8b465ee728b)  -> (artifact id: 'ed7bfe54b25debac584f0a848e538f16') in 0.001625 seconds 
========================================================================
Received Prepare
Registering precompiled user dll's ...
Registered in 0.007405 seconds.
Begin MonoManager ReloadAssembly
Symbol file LoadedFromMemory doesn't match image C:\김영득 교수님 기말과제\Final-Examination\2023137004\Library\PackageCache\com.unity.visualscripting@1.8.0\Editor\VisualScripting.Core\Dependencies\YamlDotNet\Unity.VisualScripting.YamlDotNet.dll
Symbol file LoadedFromMemory doesn't match image C:\김영득 교수님 기말과제\Final-Examination\2023137004\Library\PackageCache\com.unity.visualscripting@1.8.0\Editor\VisualScripting.Core\Dependencies\DotNetZip\Unity.VisualScripting.IonicZip.dll
Native extension for WindowsStandalone target not found
Refreshing native plugins compatible for Editor in 0.60 ms, found 4 plugins.
Preloading 0 native plugins for Editor in 0.00 ms.
Mono: successfully reloaded assembly
- Completed reload, in  1.046 seconds
Domain Reload Profiling:
	ReloadAssembly (1047ms)
		BeginReloadAssembly (145ms)
			ExecutionOrderSort (0ms)
			DisableScriptedObjects (7ms)
			BackupInstance (0ms)
			ReleaseScriptingObjects (0ms)
			CreateAndSetChildDomain (36ms)
		EndReloadAssembly (785ms)
			LoadAssemblies (94ms)
			RebuildTransferFunctionScriptingTraits (0ms)
			SetupTypeCache (276ms)
			ReleaseScriptCaches (1ms)
			RebuildScriptCaches (44ms)
			SetupLoadedEditorAssemblies (321ms)
				LogAssemblyErrors (0ms)
				InitializePlatformSupportModulesInManaged (5ms)
				SetLoadedEditorAssemblies (1ms)
				RefreshPlugins (1ms)
				BeforeProcessingInitializeOnLoad (83ms)
				ProcessInitializeOnLoadAttributes (186ms)
				ProcessInitializeOnLoadMethodAttributes (39ms)
				AfterProcessingInitializeOnLoad (7ms)
				EditorAssembliesLoaded (0ms)
			ExecutionOrderSort2 (0ms)
			AwakeInstancesAfterBackupRestoration (7ms)
Platform modules already initialized, skipping
Refreshing native plugins compatible for Editor in 2.52 ms, found 4 plugins.
Preloading 0 native plugins for Editor in 0.00 ms.
Unloading 3741 Unused Serialized files (Serialized files now loaded: 0)
Unloading 39 unused Assets / (0.8 MB). Loaded Objects now: 4200.
Memory consumption went from 144.5 MB to 143.8 MB.
Total: 3.979600 ms (FindLiveObjects: 0.314800 ms CreateObjectMapping: 0.127700 ms MarkObjects: 3.092500 ms  DeleteObjects: 0.443100 ms)

AssetImportParameters requested are different than current active one (requested -> active):
  custom:video-decoder-ogg-theora: a1e56fd34408186e4bbccfd4996cb3dc -> 
  custom:container-muxer-webm: aa71ff27fc2769a1b78a27578f13a17b -> 
  custom:container-demuxer-webm: 4f35f7cbe854078d1ac9338744f61a02 -> 
  custom:video-encoder-webm-vp8: eb34c28f22e8b96e1ab97ce403110664 -> 
  custom:video-codec-MediaFoundation-h265: 746d11721c4dcdbdad8f713fa42b33f4 -> 
  custom:audio-encoder-webm-vorbis: bf7c407c2cedff20999df2af8eb42d56 -> 
  custom:framework-win-MediaFoundation: 216162199b28c13a410421893ffa2e32 -> 
  custom:container-demuxer-ogg: 62fdf1f143b41e24485cea50d1cbac27 -> 
  custom:video-decoder-webm-vp8: 9c59270c3fd7afecdb556c50c9e8de78 -> 
  custom:audio-decoder-ogg-vorbis: bf7c407c2cedff20999df2af8eb42d56 -> 
========================================================================
Received Prepare
Registering precompiled user dll's ...
Registered in 0.008814 seconds.
Begin MonoManager ReloadAssembly
Symbol file LoadedFromMemory doesn't match image C:\김영득 교수님 기말과제\Final-Examination\2023137004\Library\PackageCache\com.unity.visualscripting@1.8.0\Editor\VisualScripting.Core\Dependencies\YamlDotNet\Unity.VisualScripting.YamlDotNet.dll
Symbol file LoadedFromMemory doesn't match image C:\김영득 교수님 기말과제\Final-Examination\2023137004\Library\PackageCache\com.unity.visualscripting@1.8.0\Editor\VisualScripting.Core\Dependencies\DotNetZip\Unity.VisualScripting.IonicZip.dll
Native extension for WindowsStandalone target not found
Refreshing native plugins compatible for Editor in 0.64 ms, found 4 plugins.
Preloading 0 native plugins for Editor in 0.00 ms.
Mono: successfully reloaded assembly
- Completed reload, in  0.960 seconds
Domain Reload Profiling:
	ReloadAssembly (961ms)
		BeginReloadAssembly (145ms)
			ExecutionOrderSort (0ms)
			DisableScriptedObjects (7ms)
			BackupInstance (0ms)
			ReleaseScriptingObjects (0ms)
			CreateAndSetChildDomain (32ms)
		EndReloadAssembly (710ms)
			LoadAssemblies (102ms)
			RebuildTransferFunctionScriptingTraits (0ms)
			SetupTypeCache (212ms)
			ReleaseScriptCaches (2ms)
			RebuildScriptCaches (43ms)
			SetupLoadedEditorAssemblies (316ms)
				LogAssemblyErrors (0ms)
				InitializePlatformSupportModulesInManaged (5ms)
				SetLoadedEditorAssemblies (0ms)
				RefreshPlugins (1ms)
				BeforeProcessingInitializeOnLoad (74ms)
				ProcessInitializeOnLoadAttributes (192ms)
				ProcessInitializeOnLoadMethodAttributes (32ms)
				AfterProcessingInitializeOnLoad (11ms)
				EditorAssembliesLoaded (0ms)
			ExecutionOrderSort2 (0ms)
			AwakeInstancesAfterBackupRestoration (9ms)
Platform modules already initialized, skipping
Refreshing native plugins compatible for Editor in 2.63 ms, found 4 plugins.
Preloading 0 native plugins for Editor in 0.00 ms.
Unloading 3741 Unused Serialized files (Serialized files now loaded: 0)
Unloading 39 unused Assets / (0.8 MB). Loaded Objects now: 4203.
Memory consumption went from 144.5 MB to 143.8 MB.
Total: 4.179400 ms (FindLiveObjects: 0.376400 ms CreateObjectMapping: 0.139700 ms MarkObjects: 3.161000 ms  DeleteObjects: 0.499900 ms)

AssetImportParameters requested are different than current active one (requested -> active):
  custom:video-decoder-ogg-theora: a1e56fd34408186e4bbccfd4996cb3dc -> 
  custom:container-muxer-webm: aa71ff27fc2769a1b78a27578f13a17b -> 
  custom:container-demuxer-webm: 4f35f7cbe854078d1ac9338744f61a02 -> 
  custom:video-encoder-webm-vp8: eb34c28f22e8b96e1ab97ce403110664 -> 
  custom:video-codec-MediaFoundation-h265: 746d11721c4dcdbdad8f713fa42b33f4 -> 
  custom:audio-encoder-webm-vorbis: bf7c407c2cedff20999df2af8eb42d56 -> 
  custom:framework-win-MediaFoundation: 216162199b28c13a410421893ffa2e32 -> 
  custom:container-demuxer-ogg: 62fdf1f143b41e24485cea50d1cbac27 -> 
  custom:video-decoder-webm-vp8: 9c59270c3fd7afecdb556c50c9e8de78 -> 
  custom:audio-decoder-ogg-vorbis: bf7c407c2cedff20999df2af8eb42d56 -> 
========================================================================
Received Import Request.
  Time since last request: 44.463260 seconds.
  path: Assets/03.Image
  artifactKey: Guid(f3767d0fe979ead42ae2d913fdac8b7a) Importer(815301076,1909f56bfc062723c751e8b465ee728b)
Start importing Assets/03.Image using Guid(f3767d0fe979ead42ae2d913fdac8b7a) Importer(815301076,1909f56bfc062723c751e8b465ee728b)  -> (artifact id: '2f9bcf567f8fd14ec78144a02b12995c') in 0.007835 seconds 
========================================================================
Received Import Request.
  Time since last request: 0.425102 seconds.
  path: Assets/02.Scripts/SceneChanger.cs
  artifactKey: Guid(1d512f2a77a36e743ab3d4bbb6206eab) Importer(815301076,1909f56bfc062723c751e8b465ee728b)
Start importing Assets/02.Scripts/SceneChanger.cs using Guid(1d512f2a77a36e743ab3d4bbb6206eab) Importer(815301076,1909f56bfc062723c751e8b465ee728b)  -> (artifact id: 'bc082730b9de5ee79a04b62725f84200') in 0.011952 seconds 
========================================================================
Received Import Request.
  Time since last request: 17.393619 seconds.
  path: Assets/02.Scripts/SceneChanger.cs
  artifactKey: Guid(1d512f2a77a36e743ab3d4bbb6206eab) Importer(815301076,1909f56bfc062723c751e8b465ee728b)
Start importing Assets/02.Scripts/SceneChanger.cs using Guid(1d512f2a77a36e743ab3d4bbb6206eab) Importer(815301076,1909f56bfc062723c751e8b465ee728b)  -> (artifact id: 'a39dfd39ac5e130cb6c74ac4c97a82df') in 0.003538 seconds 
========================================================================
Received Prepare
Registering precompiled user dll's ...
Registered in 0.011457 seconds.
Begin MonoManager ReloadAssembly
Symbol file LoadedFromMemory doesn't match image C:\김영득 교수님 기말과제\Final-Examination\2023137004\Library\PackageCache\com.unity.visualscripting@1.8.0\Editor\VisualScripting.Core\Dependencies\YamlDotNet\Unity.VisualScripting.YamlDotNet.dll
Symbol file LoadedFromMemory doesn't match image C:\김영득 교수님 기말과제\Final-Examination\2023137004\Library\PackageCache\com.unity.visualscripting@1.8.0\Editor\VisualScripting.Core\Dependencies\DotNetZip\Unity.VisualScripting.IonicZip.dll
Native extension for WindowsStandalone target not found
Refreshing native plugins compatible for Editor in 0.50 ms, found 4 plugins.
Preloading 0 native plugins for Editor in 0.00 ms.
Mono: successfully reloaded assembly
- Completed reload, in  1.298 seconds
Domain Reload Profiling:
	ReloadAssembly (1298ms)
		BeginReloadAssembly (191ms)
			ExecutionOrderSort (0ms)
			DisableScriptedObjects (11ms)
			BackupInstance (0ms)
			ReleaseScriptingObjects (0ms)
			CreateAndSetChildDomain (60ms)
		EndReloadAssembly (977ms)
			LoadAssemblies (105ms)
			RebuildTransferFunctionScriptingTraits (0ms)
			SetupTypeCache (395ms)
			ReleaseScriptCaches (2ms)
			RebuildScriptCaches (62ms)
			SetupLoadedEditorAssemblies (345ms)
				LogAssemblyErrors (0ms)
				InitializePlatformSupportModulesInManaged (5ms)
				SetLoadedEditorAssemblies (1ms)
				RefreshPlugins (1ms)
				BeforeProcessingInitializeOnLoad (80ms)
				ProcessInitializeOnLoadAttributes (215ms)
				ProcessInitializeOnLoadMethodAttributes (34ms)
				AfterProcessingInitializeOnLoad (9ms)
				EditorAssembliesLoaded (0ms)
			ExecutionOrderSort2 (0ms)
			AwakeInstancesAfterBackupRestoration (6ms)
Platform modules already initialized, skipping
Refreshing native plugins compatible for Editor in 2.70 ms, found 4 plugins.
Preloading 0 native plugins for Editor in 0.00 ms.
Unloading 3741 Unused Serialized files (Serialized files now loaded: 0)
Unloading 39 unused Assets / (0.8 MB). Loaded Objects now: 4206.
Memory consumption went from 144.6 MB to 143.8 MB.
Total: 3.850900 ms (FindLiveObjects: 0.348000 ms CreateObjectMapping: 0.135300 ms MarkObjects: 2.915100 ms  DeleteObjects: 0.450500 ms)

AssetImportParameters requested are different than current active one (requested -> active):
  custom:video-decoder-ogg-theora: a1e56fd34408186e4bbccfd4996cb3dc -> 
  custom:container-muxer-webm: aa71ff27fc2769a1b78a27578f13a17b -> 
  custom:container-demuxer-webm: 4f35f7cbe854078d1ac9338744f61a02 -> 
  custom:video-encoder-webm-vp8: eb34c28f22e8b96e1ab97ce403110664 -> 
  custom:video-codec-MediaFoundation-h265: 746d11721c4dcdbdad8f713fa42b33f4 -> 
  custom:audio-encoder-webm-vorbis: bf7c407c2cedff20999df2af8eb42d56 -> 
  custom:framework-win-MediaFoundation: 216162199b28c13a410421893ffa2e32 -> 
  custom:container-demuxer-ogg: 62fdf1f143b41e24485cea50d1cbac27 -> 
  custom:video-decoder-webm-vp8: 9c59270c3fd7afecdb556c50c9e8de78 -> 
  custom:audio-decoder-ogg-vorbis: bf7c407c2cedff20999df2af8eb42d56 -> 
========================================================================
Received Prepare
Registering precompiled user dll's ...
Registered in 0.007568 seconds.
Begin MonoManager ReloadAssembly
Symbol file LoadedFromMemory doesn't match image C:\김영득 교수님 기말과제\Final-Examination\2023137004\Library\PackageCache\com.unity.visualscripting@1.8.0\Editor\VisualScripting.Core\Dependencies\YamlDotNet\Unity.VisualScripting.YamlDotNet.dll
Symbol file LoadedFromMemory doesn't match image C:\김영득 교수님 기말과제\Final-Examination\2023137004\Library\PackageCache\com.unity.visualscripting@1.8.0\Editor\VisualScripting.Core\Dependencies\DotNetZip\Unity.VisualScripting.IonicZip.dll
Native extension for WindowsStandalone target not found
Refreshing native plugins compatible for Editor in 0.64 ms, found 4 plugins.
Preloading 0 native plugins for Editor in 0.00 ms.
Mono: successfully reloaded assembly
- Completed reload, in  1.071 seconds
Domain Reload Profiling:
	ReloadAssembly (1072ms)
		BeginReloadAssembly (154ms)
			ExecutionOrderSort (0ms)
			DisableScriptedObjects (11ms)
			BackupInstance (0ms)
			ReleaseScriptingObjects (0ms)
			CreateAndSetChildDomain (42ms)
		EndReloadAssembly (813ms)
			LoadAssemblies (99ms)
			RebuildTransferFunctionScriptingTraits (0ms)
			SetupTypeCache (239ms)
			ReleaseScriptCaches (1ms)
			RebuildScriptCaches (42ms)
			SetupLoadedEditorAssemblies (364ms)
				LogAssemblyErrors (0ms)
				InitializePlatformSupportModulesInManaged (5ms)
				SetLoadedEditorAssemblies (1ms)
				RefreshPlugins (1ms)
				BeforeProcessingInitializeOnLoad (67ms)
				ProcessInitializeOnLoadAttributes (233ms)
				ProcessInitializeOnLoadMethodAttributes (47ms)
				AfterProcessingInitializeOnLoad (12ms)
				EditorAssembliesLoaded (0ms)
			ExecutionOrderSort2 (0ms)
			AwakeInstancesAfterBackupRestoration (9ms)
Platform modules already initialized, skipping
Refreshing native plugins compatible for Editor in 3.92 ms, found 4 plugins.
Preloading 0 native plugins for Editor in 0.00 ms.
Unloading 3741 Unused Serialized files (Serialized files now loaded: 0)
Unloading 39 unused Assets / (0.8 MB). Loaded Objects now: 4209.
Memory consumption went from 144.6 MB to 143.8 MB.
Total: 5.989300 ms (FindLiveObjects: 0.257100 ms CreateObjectMapping: 0.123300 ms MarkObjects: 5.077600 ms  DeleteObjects: 0.529600 ms)

AssetImportParameters requested are different than current active one (requested -> active):
  custom:video-decoder-ogg-theora: a1e56fd34408186e4bbccfd4996cb3dc -> 
  custom:container-muxer-webm: aa71ff27fc2769a1b78a27578f13a17b -> 
  custom:container-demuxer-webm: 4f35f7cbe854078d1ac9338744f61a02 -> 
  custom:video-encoder-webm-vp8: eb34c28f22e8b96e1ab97ce403110664 -> 
  custom:video-codec-MediaFoundation-h265: 746d11721c4dcdbdad8f713fa42b33f4 -> 
  custom:audio-encoder-webm-vorbis: bf7c407c2cedff20999df2af8eb42d56 -> 
  custom:framework-win-MediaFoundation: 216162199b28c13a410421893ffa2e32 -> 
  custom:container-demuxer-ogg: 62fdf1f143b41e24485cea50d1cbac27 -> 
  custom:video-decoder-webm-vp8: 9c59270c3fd7afecdb556c50c9e8de78 -> 
  custom:audio-decoder-ogg-vorbis: bf7c407c2cedff20999df2af8eb42d56 -> 
========================================================================
Received Prepare
Registering precompiled user dll's ...
Registered in 0.005716 seconds.
Begin MonoManager ReloadAssembly
Symbol file LoadedFromMemory doesn't match image C:\김영득 교수님 기말과제\Final-Examination\2023137004\Library\PackageCache\com.unity.visualscripting@1.8.0\Editor\VisualScripting.Core\Dependencies\YamlDotNet\Unity.VisualScripting.YamlDotNet.dll
Symbol file LoadedFromMemory doesn't match image C:\김영득 교수님 기말과제\Final-Examination\2023137004\Library\PackageCache\com.unity.visualscripting@1.8.0\Editor\VisualScripting.Core\Dependencies\DotNetZip\Unity.VisualScripting.IonicZip.dll
Native extension for WindowsStandalone target not found
Refreshing native plugins compatible for Editor in 0.58 ms, found 4 plugins.
Preloading 0 native plugins for Editor in 0.00 ms.
Mono: successfully reloaded assembly
- Completed reload, in  1.220 seconds
Domain Reload Profiling:
	ReloadAssembly (1222ms)
		BeginReloadAssembly (135ms)
			ExecutionOrderSort (0ms)
			DisableScriptedObjects (8ms)
			BackupInstance (0ms)
			ReleaseScriptingObjects (0ms)
			CreateAndSetChildDomain (29ms)
		EndReloadAssembly (982ms)
			LoadAssemblies (98ms)
			RebuildTransferFunctionScriptingTraits (0ms)
			SetupTypeCache (211ms)
			ReleaseScriptCaches (2ms)
			RebuildScriptCaches (61ms)
			SetupLoadedEditorAssemblies (516ms)
				LogAssemblyErrors (0ms)
				InitializePlatformSupportModulesInManaged (7ms)
				SetLoadedEditorAssemblies (1ms)
				RefreshPlugins (1ms)
				BeforeProcessingInitializeOnLoad (103ms)
				ProcessInitializeOnLoadAttributes (332ms)
				ProcessInitializeOnLoadMethodAttributes (62ms)
				AfterProcessingInitializeOnLoad (10ms)
				EditorAssembliesLoaded (0ms)
			ExecutionOrderSort2 (0ms)
			AwakeInstancesAfterBackupRestoration (12ms)
Platform modules already initialized, skipping
Refreshing native plugins compatible for Editor in 4.04 ms, found 4 plugins.
Preloading 0 native plugins for Editor in 0.00 ms.
Unloading 3741 Unused Serialized files (Serialized files now loaded: 0)
Unloading 39 unused Assets / (0.8 MB). Loaded Objects now: 4212.
Memory consumption went from 144.6 MB to 143.8 MB.
Total: 5.691800 ms (FindLiveObjects: 0.384000 ms CreateObjectMapping: 0.173000 ms MarkObjects: 4.414700 ms  DeleteObjects: 0.718000 ms)

AssetImportParameters requested are different than current active one (requested -> active):
  custom:video-decoder-ogg-theora: a1e56fd34408186e4bbccfd4996cb3dc -> 
  custom:container-muxer-webm: aa71ff27fc2769a1b78a27578f13a17b -> 
  custom:container-demuxer-webm: 4f35f7cbe854078d1ac9338744f61a02 -> 
  custom:video-encoder-webm-vp8: eb34c28f22e8b96e1ab97ce403110664 -> 
  custom:video-codec-MediaFoundation-h265: 746d11721c4dcdbdad8f713fa42b33f4 -> 
  custom:audio-encoder-webm-vorbis: bf7c407c2cedff20999df2af8eb42d56 -> 
  custom:framework-win-MediaFoundation: 216162199b28c13a410421893ffa2e32 -> 
  custom:container-demuxer-ogg: 62fdf1f143b41e24485cea50d1cbac27 -> 
  custom:video-decoder-webm-vp8: 9c59270c3fd7afecdb556c50c9e8de78 -> 
  custom:audio-decoder-ogg-vorbis: bf7c407c2cedff20999df2af8eb42d56 -> 
========================================================================
Received Import Request.
  Time since last request: 1729.569666 seconds.
  path: Assets/01.Scenes/01.StartScene.unity
  artifactKey: Guid(94d80ac2fd578b34b97d66799a4d5b4f) Importer(815301076,1909f56bfc062723c751e8b465ee728b)
Start importing Assets/01.Scenes/01.StartScene.unity using Guid(94d80ac2fd578b34b97d66799a4d5b4f) Importer(815301076,1909f56bfc062723c751e8b465ee728b)  -> (artifact id: '429ed39b0dbf90c319051766e8e5ab57') in 0.008368 seconds 
========================================================================
Received Import Request.
  Time since last request: 10.762628 seconds.
  path: Assets/01.Scenes/02.GameScene.unity
  artifactKey: Guid(2cda990e2423bbf4892e6590ba056729) Importer(815301076,1909f56bfc062723c751e8b465ee728b)
Start importing Assets/01.Scenes/02.GameScene.unity using Guid(2cda990e2423bbf4892e6590ba056729) Importer(815301076,1909f56bfc062723c751e8b465ee728b)  -> (artifact id: '7917f031b4df800f73553e7d1bc0db32') in 0.001824 seconds 
